<?xml version="1.0" encoding="UTF-8"?>
<testsuite xmlns:xsi="http://www.w3.org/2001/XMLSchema-instance" xsi:noNamespaceSchemaLocation="https://maven.apache.org/surefire/maven-surefire-plugin/xsd/surefire-test-report-3.0.xsd" version="3.0" name="twitter default login" time="739.691" tests="6" errors="0" skipped="0" failures="0">
  <properties>
    <property name="sun.desktop" value="windows"/>
    <property name="awt.toolkit" value="sun.awt.windows.WToolkit"/>
    <property name="java.specification.version" value="11"/>
    <property name="webdriver.chrome.driver" value="C:\Users\praka\.cache\selenium\chromedriver\win32\98.0.4758.48\chromedriver.exe"/>
    <property name="sun.cpu.isalist" value="amd64"/>
    <property name="sun.jnu.encoding" value="Cp1252"/>
    <property name="sun.awt.enableExtraMouseButtons" value="true"/>
    <property name="java.class.path" value="C:\Users\praka\IdeaProjects\CucumberAuto\CucumberAuto\target\test-classes;C:\Users\praka\IdeaProjects\CucumberAuto\CucumberAuto\target\classes;C:\Users\praka\.m2\repository\org\springframework\boot\spring-boot-starter\2.1.3.RELEASE\spring-boot-starter-2.1.3.RELEASE.jar;C:\Users\praka\.m2\repository\org\springframework\boot\spring-boot\2.1.3.RELEASE\spring-boot-2.1.3.RELEASE.jar;C:\Users\praka\.m2\repository\org\springframework\spring-context\5.1.5.RELEASE\spring-context-5.1.5.RELEASE.jar;C:\Users\praka\.m2\repository\org\springframework\boot\spring-boot-autoconfigure\2.1.3.RELEASE\spring-boot-autoconfigure-2.1.3.RELEASE.jar;C:\Users\praka\.m2\repository\javax\annotation\javax.annotation-api\1.3.2\javax.annotation-api-1.3.2.jar;C:\Users\praka\.m2\repository\org\springframework\spring-core\5.1.5.RELEASE\spring-core-5.1.5.RELEASE.jar;C:\Users\praka\.m2\repository\org\springframework\spring-jcl\5.1.5.RELEASE\spring-jcl-5.1.5.RELEASE.jar;C:\Users\praka\.m2\repository\org\yaml\snakeyaml\1.23\snakeyaml-1.23.jar;C:\Users\praka\.m2\repository\org\springframework\boot\spring-boot-starter-web\2.1.3.RELEASE\spring-boot-starter-web-2.1.3.RELEASE.jar;C:\Users\praka\.m2\repository\org\springframework\boot\spring-boot-starter-json\2.1.3.RELEASE\spring-boot-starter-json-2.1.3.RELEASE.jar;C:\Users\praka\.m2\repository\com\fasterxml\jackson\datatype\jackson-datatype-jdk8\2.9.8\jackson-datatype-jdk8-2.9.8.jar;C:\Users\praka\.m2\repository\com\fasterxml\jackson\datatype\jackson-datatype-jsr310\2.9.8\jackson-datatype-jsr310-2.9.8.jar;C:\Users\praka\.m2\repository\com\fasterxml\jackson\module\jackson-module-parameter-names\2.9.8\jackson-module-parameter-names-2.9.8.jar;C:\Users\praka\.m2\repository\org\springframework\boot\spring-boot-starter-tomcat\2.1.3.RELEASE\spring-boot-starter-tomcat-2.1.3.RELEASE.jar;C:\Users\praka\.m2\repository\org\apache\tomcat\embed\tomcat-embed-core\9.0.16\tomcat-embed-core-9.0.16.jar;C:\Users\praka\.m2\repository\org\apache\tomcat\embed\tomcat-embed-el\9.0.16\tomcat-embed-el-9.0.16.jar;C:\Users\praka\.m2\repository\org\apache\tomcat\embed\tomcat-embed-websocket\9.0.16\tomcat-embed-websocket-9.0.16.jar;C:\Users\praka\.m2\repository\org\hibernate\validator\hibernate-validator\6.0.14.Final\hibernate-validator-6.0.14.Final.jar;C:\Users\praka\.m2\repository\javax\validation\validation-api\2.0.1.Final\validation-api-2.0.1.Final.jar;C:\Users\praka\.m2\repository\org\jboss\logging\jboss-logging\3.3.2.Final\jboss-logging-3.3.2.Final.jar;C:\Users\praka\.m2\repository\com\fasterxml\classmate\1.4.0\classmate-1.4.0.jar;C:\Users\praka\.m2\repository\org\springframework\spring-web\5.1.5.RELEASE\spring-web-5.1.5.RELEASE.jar;C:\Users\praka\.m2\repository\org\springframework\spring-beans\5.1.5.RELEASE\spring-beans-5.1.5.RELEASE.jar;C:\Users\praka\.m2\repository\org\springframework\spring-webmvc\5.1.5.RELEASE\spring-webmvc-5.1.5.RELEASE.jar;C:\Users\praka\.m2\repository\org\springframework\spring-aop\5.1.5.RELEASE\spring-aop-5.1.5.RELEASE.jar;C:\Users\praka\.m2\repository\org\springframework\spring-expression\5.1.5.RELEASE\spring-expression-5.1.5.RELEASE.jar;C:\Users\praka\.m2\repository\org\springframework\boot\spring-boot-starter-log4j2\2.1.3.RELEASE\spring-boot-starter-log4j2-2.1.3.RELEASE.jar;C:\Users\praka\.m2\repository\org\apache\logging\log4j\log4j-core\2.11.2\log4j-core-2.11.2.jar;C:\Users\praka\.m2\repository\org\apache\logging\log4j\log4j-jul\2.11.2\log4j-jul-2.11.2.jar;C:\Users\praka\.m2\repository\org\slf4j\jul-to-slf4j\1.7.25\jul-to-slf4j-1.7.25.jar;C:\Users\praka\.m2\repository\org\apache\tapestry\tapestry-core\5.7.3\tapestry-core-5.7.3.jar;C:\Users\praka\.m2\repository\org\apache\tapestry\tapestry-ioc\5.7.3\tapestry-ioc-5.7.3.jar;C:\Users\praka\.m2\repository\org\apache\tapestry\tapestry-func\5.7.3\tapestry-func-5.7.3.jar;C:\Users\praka\.m2\repository\org\apache\tapestry\tapestry5-annotations\5.7.3\tapestry5-annotations-5.7.3.jar;C:\Users\praka\.m2\repository\org\apache\tapestry\plastic\5.7.3\plastic-5.7.3.jar;C:\Users\praka\.m2\repository\javax\inject\javax.inject\1\javax.inject-1.jar;C:\Users\praka\.m2\repository\org\apache\tapestry\tapestry-json\5.7.3\tapestry-json-5.7.3.jar;C:\Users\praka\.m2\repository\org\apache\tapestry\beanmodel\5.7.3\beanmodel-5.7.3.jar;C:\Users\praka\.m2\repository\org\apache\tapestry\commons\5.7.3\commons-5.7.3.jar;C:\Users\praka\.m2\repository\org\antlr\antlr-runtime\3.5.2\antlr-runtime-3.5.2.jar;C:\Users\praka\.m2\repository\org\apache\tapestry\tapestry-http\5.7.3\tapestry-http-5.7.3.jar;C:\Users\praka\.m2\repository\jakarta\annotation\jakarta.annotation-api\1.3.4\jakarta.annotation-api-1.3.4.jar;C:\Users\praka\.m2\repository\jakarta\xml\bind\jakarta.xml.bind-api\2.3.2\jakarta.xml.bind-api-2.3.2.jar;C:\Users\praka\.m2\repository\jakarta\activation\jakarta.activation-api\1.2.1\jakarta.activation-api-1.2.1.jar;C:\Users\praka\.m2\repository\org\glassfish\jaxb\jaxb-runtime\2.3.1\jaxb-runtime-2.3.1.jar;C:\Users\praka\.m2\repository\javax\xml\bind\jaxb-api\2.3.1\jaxb-api-2.3.1.jar;C:\Users\praka\.m2\repository\org\glassfish\jaxb\txw2\2.3.1\txw2-2.3.1.jar;C:\Users\praka\.m2\repository\com\sun\istack\istack-commons-runtime\3.0.7\istack-commons-runtime-3.0.7.jar;C:\Users\praka\.m2\repository\org\jvnet\staxex\stax-ex\1.8\stax-ex-1.8.jar;C:\Users\praka\.m2\repository\com\sun\xml\fastinfoset\FastInfoset\1.2.15\FastInfoset-1.2.15.jar;C:\Users\praka\.m2\repository\javax\activation\javax.activation-api\1.2.0\javax.activation-api-1.2.0.jar;C:\Users\praka\.m2\repository\com\sun\xml\ws\jaxws-rt\2.3.2\jaxws-rt-2.3.2.jar;C:\Users\praka\.m2\repository\jakarta\xml\ws\jakarta.xml.ws-api\2.3.2\jakarta.xml.ws-api-2.3.2.jar;C:\Users\praka\.m2\repository\jakarta\xml\soap\jakarta.xml.soap-api\1.4.1\jakarta.xml.soap-api-1.4.1.jar;C:\Users\praka\.m2\repository\jakarta\jws\jakarta.jws-api\1.1.1\jakarta.jws-api-1.1.1.jar;C:\Users\praka\.m2\repository\com\sun\xml\ws\policy\2.7.6\policy-2.7.6.jar;C:\Users\praka\.m2\repository\org\glassfish\gmbal\gmbal\4.0.0\gmbal-4.0.0.jar;C:\Users\praka\.m2\repository\org\glassfish\external\management-api\3.2.1\management-api-3.2.1.jar;C:\Users\praka\.m2\repository\org\glassfish\pfl\pfl-basic\4.0.1\pfl-basic-4.0.1.jar;C:\Users\praka\.m2\repository\org\glassfish\pfl\pfl-tf\4.0.1\pfl-tf-4.0.1.jar;C:\Users\praka\.m2\repository\org\glassfish\pfl\pfl-asm\4.0.1\pfl-asm-4.0.1.jar;C:\Users\praka\.m2\repository\org\glassfish\pfl\pfl-dynamic\4.0.1\pfl-dynamic-4.0.1.jar;C:\Users\praka\.m2\repository\org\glassfish\pfl\pfl-basic-tools\4.0.1\pfl-basic-tools-4.0.1.jar;C:\Users\praka\.m2\repository\org\glassfish\pfl\pfl-tf-tools\4.0.1\pfl-tf-tools-4.0.1.jar;C:\Users\praka\.m2\repository\com\sun\xml\stream\buffer\streambuffer\1.5.7\streambuffer-1.5.7.jar;C:\Users\praka\.m2\repository\org\jvnet\mimepull\mimepull\1.9.11\mimepull-1.9.11.jar;C:\Users\praka\.m2\repository\org\glassfish\ha\ha-api\3.1.12\ha-api-3.1.12.jar;C:\Users\praka\.m2\repository\com\sun\xml\messaging\saaj\saaj-impl\1.5.0\saaj-impl-1.5.0.jar;C:\Users\praka\.m2\repository\com\fasterxml\woodstox\woodstox-core\5.1.0\woodstox-core-5.1.0.jar;C:\Users\praka\.m2\repository\org\codehaus\woodstox\stax2-api\4.1\stax2-api-4.1.jar;C:\Users\praka\.m2\repository\javax\xml\ws\jaxws-api\2.3.1\jaxws-api-2.3.1.jar;C:\Users\praka\.m2\repository\javax\xml\soap\javax.xml.soap-api\1.4.0\javax.xml.soap-api-1.4.0.jar;C:\Users\praka\.m2\repository\commons-codec\commons-codec\1.11\commons-codec-1.11.jar;C:\Users\praka\.m2\repository\org\apache\tapestry\tapestry-webresources\5.7.3\tapestry-webresources-5.7.3.jar;C:\Users\praka\.m2\repository\com\github\sommeri\less4j\1.12.0\less4j-1.12.0.jar;C:\Users\praka\.m2\repository\commons-io\commons-io\2.3\commons-io-2.3.jar;C:\Users\praka\.m2\repository\commons-beanutils\commons-beanutils\1.8.3\commons-beanutils-1.8.3.jar;C:\Users\praka\.m2\repository\commons-logging\commons-logging\1.1.1\commons-logging-1.1.1.jar;C:\Users\praka\.m2\repository\org\json\json\20090211\json-20090211.jar;C:\Users\praka\.m2\repository\com\google\protobuf\protobuf-java\2.5.0\protobuf-java-2.5.0.jar;C:\Users\praka\.m2\repository\com\google\javascript\closure-compiler-unshaded\v20200504\closure-compiler-unshaded-v20200504.jar;C:\Users\praka\.m2\repository\com\google\javascript\closure-compiler-externs\v20200504\closure-compiler-externs-v20200504.jar;C:\Users\praka\.m2\repository\args4j\args4j\2.0.26\args4j-2.0.26.jar;C:\Users\praka\.m2\repository\com\google\errorprone\error_prone_annotations\2.3.1\error_prone_annotations-2.3.1.jar;C:\Users\praka\.m2\repository\com\google\code\findbugs\jsr305\3.0.1\jsr305-3.0.1.jar;C:\Users\praka\.m2\repository\com\google\jsinterop\jsinterop-annotations\1.0.2\jsinterop-annotations-1.0.2.jar;C:\Users\praka\.m2\repository\com\google\jsinterop\base\1.0.0\base-1.0.0.jar;C:\Users\praka\.m2\repository\com\google\elemental2\elemental2-core\1.0.0-RC1\elemental2-core-1.0.0-RC1.jar;C:\Users\praka\.m2\repository\com\google\re2j\re2j\1.3\re2j-1.3.jar;C:\Users\praka\.m2\repository\org\mozilla\rhino\1.7.7.2\rhino-1.7.7.2.jar;C:\Users\praka\.m2\repository\org\apache\tapestry\tapestry-test\5.7.3\tapestry-test-5.7.3.jar;C:\Users\praka\.m2\repository\org\apache\tapestry\tapestry-test-data\5.7.3\tapestry-test-data-5.7.3.jar;C:\Users\praka\.m2\repository\org\apache\tapestry\tapestry-runner\5.7.3\tapestry-runner-5.7.3.jar;C:\Users\praka\.m2\repository\org\apache\tapestry\tapestry-test-constants\5.7.3\tapestry-test-constants-5.7.3.jar;C:\Users\praka\.m2\repository\org\eclipse\jetty\jetty-server\9.4.14.v20181114\jetty-server-9.4.14.v20181114.jar;C:\Users\praka\.m2\repository\org\eclipse\jetty\jetty-http\9.4.14.v20181114\jetty-http-9.4.14.v20181114.jar;C:\Users\praka\.m2\repository\org\eclipse\jetty\jetty-io\9.4.14.v20181114\jetty-io-9.4.14.v20181114.jar;C:\Users\praka\.m2\repository\org\eclipse\jetty\jetty-jndi\9.4.14.v20181114\jetty-jndi-9.4.14.v20181114.jar;C:\Users\praka\.m2\repository\org\eclipse\jetty\jetty-util\9.4.14.v20181114\jetty-util-9.4.14.v20181114.jar;C:\Users\praka\.m2\repository\org\eclipse\jetty\jetty-plus\9.4.14.v20181114\jetty-plus-9.4.14.v20181114.jar;C:\Users\praka\.m2\repository\org\eclipse\jetty\jetty-webapp\9.4.14.v20181114\jetty-webapp-9.4.14.v20181114.jar;C:\Users\praka\.m2\repository\org\eclipse\jetty\jetty-xml\9.4.14.v20181114\jetty-xml-9.4.14.v20181114.jar;C:\Users\praka\.m2\repository\org\eclipse\jetty\jetty-servlet\9.4.14.v20181114\jetty-servlet-9.4.14.v20181114.jar;C:\Users\praka\.m2\repository\org\eclipse\jetty\jetty-security\9.4.14.v20181114\jetty-security-9.4.14.v20181114.jar;C:\Users\praka\.m2\repository\org\apache\tomcat\tomcat-catalina\7.0.70\tomcat-catalina-7.0.70.jar;C:\Users\praka\.m2\repository\org\apache\tomcat\tomcat-servlet-api\7.0.70\tomcat-servlet-api-7.0.70.jar;C:\Users\praka\.m2\repository\org\apache\tomcat\tomcat-juli\7.0.70\tomcat-juli-7.0.70.jar;C:\Users\praka\.m2\repository\org\apache\tomcat\tomcat-annotations-api\9.0.16\tomcat-annotations-api-9.0.16.jar;C:\Users\praka\.m2\repository\org\apache\tomcat\tomcat-api\7.0.70\tomcat-api-7.0.70.jar;C:\Users\praka\.m2\repository\org\apache\tomcat\tomcat-util\7.0.70\tomcat-util-7.0.70.jar;C:\Users\praka\.m2\repository\org\apache\tomcat\tomcat-coyote\7.0.70\tomcat-coyote-7.0.70.jar;C:\Users\praka\.m2\repository\org\apache\tomcat\tomcat-dbcp\7.0.70\tomcat-dbcp-7.0.70.jar;C:\Users\praka\.m2\repository\commons-cli\commons-cli\1.2\commons-cli-1.2.jar;C:\Users\praka\.m2\repository\org\apache\tomcat\tomcat-jasper\7.0.70\tomcat-jasper-7.0.70.jar;C:\Users\praka\.m2\repository\org\apache\tomcat\tomcat-jsp-api\9.0.16\tomcat-jsp-api-9.0.16.jar;C:\Users\praka\.m2\repository\org\apache\tomcat\tomcat-el-api\7.0.70\tomcat-el-api-7.0.70.jar;C:\Users\praka\.m2\repository\org\eclipse\jdt\core\compiler\ecj\4.4.2\ecj-4.4.2.jar;C:\Users\praka\.m2\repository\org\apache\tomcat\tomcat-jasper-el\7.0.70\tomcat-jasper-el-7.0.70.jar;C:\Users\praka\.m2\repository\org\seleniumhq\selenium\selenium-leg-rc\3.141.59\selenium-leg-rc-3.141.59.jar;C:\Users\praka\.m2\repository\org\seleniumhq\selenium\selenium-chrome-driver\3.14.0\selenium-chrome-driver-3.14.0.jar;C:\Users\praka\.m2\repository\org\seleniumhq\selenium\selenium-edge-driver\3.14.0\selenium-edge-driver-3.14.0.jar;C:\Users\praka\.m2\repository\org\seleniumhq\selenium\selenium-firefox-driver\3.14.0\selenium-firefox-driver-3.14.0.jar;C:\Users\praka\.m2\repository\org\seleniumhq\selenium\selenium-ie-driver\3.14.0\selenium-ie-driver-3.14.0.jar;C:\Users\praka\.m2\repository\org\seleniumhq\selenium\selenium-opera-driver\3.14.0\selenium-opera-driver-3.14.0.jar;C:\Users\praka\.m2\repository\org\seleniumhq\selenium\selenium-safari-driver\3.14.0\selenium-safari-driver-3.14.0.jar;C:\Users\praka\.m2\repository\org\apache\ant\ant\1.9.9\ant-1.9.9.jar;C:\Users\praka\.m2\repository\org\apache\ant\ant-launcher\1.9.9\ant-launcher-1.9.9.jar;C:\Users\praka\.m2\repository\org\easymock\easymock\3.3.1\easymock-3.3.1.jar;C:\Users\praka\.m2\repository\cglib\cglib\3.1\cglib-3.1.jar;C:\Users\praka\.m2\repository\org\ow2\asm\asm\5.0.3\asm-5.0.3.jar;C:\Users\praka\.m2\repository\org\objenesis\objenesis\2.1\objenesis-2.1.jar;C:\Users\praka\.m2\repository\net\sourceforge\tapestrytestify\tapestry-testify\1.0.4\tapestry-testify-1.0.4.jar;C:\Users\praka\.m2\repository\org\testng\testng\5.8\testng-5.8-jdk15.jar;C:\Users\praka\.m2\repository\net\sourceforge\tapestryxpath\tapestry-xpath\1.0.1\tapestry-xpath-1.0.1.jar;C:\Users\praka\.m2\repository\jaxen\jaxen\1.1.6\jaxen-1.1.6.jar;C:\Users\praka\.m2\repository\org\spockframework\spock-core\1.3-RC1-groovy-2.5\spock-core-1.3-RC1-groovy-2.5.jar;C:\Users\praka\.m2\repository\org\codehaus\groovy\groovy\2.5.6\groovy-2.5.6.jar;C:\Users\praka\.m2\repository\org\codehaus\groovy\groovy-json\2.5.6\groovy-json-2.5.6.jar;C:\Users\praka\.m2\repository\org\codehaus\groovy\groovy-nio\2.5.6\groovy-nio-2.5.6.jar;C:\Users\praka\.m2\repository\org\codehaus\groovy\groovy-macro\2.5.6\groovy-macro-2.5.6.jar;C:\Users\praka\.m2\repository\org\codehaus\groovy\groovy-templates\2.5.6\groovy-templates-2.5.6.jar;C:\Users\praka\.m2\repository\org\codehaus\groovy\groovy-test\2.5.6\groovy-test-2.5.6.jar;C:\Users\praka\.m2\repository\org\codehaus\groovy\groovy-sql\2.5.6\groovy-sql-2.5.6.jar;C:\Users\praka\.m2\repository\org\codehaus\groovy\groovy-xml\2.5.6\groovy-xml-2.5.6.jar;C:\Users\praka\.m2\repository\org\spockframework\spock-spring\1.3-RC1-groovy-2.5\spock-spring-1.3-RC1-groovy-2.5.jar;C:\Users\praka\.m2\repository\org\springframework\boot\spring-boot-starter-test\2.1.3.RELEASE\spring-boot-starter-test-2.1.3.RELEASE.jar;C:\Users\praka\.m2\repository\org\springframework\boot\spring-boot-test\2.1.3.RELEASE\spring-boot-test-2.1.3.RELEASE.jar;C:\Users\praka\.m2\repository\org\springframework\boot\spring-boot-test-autoconfigure\2.1.3.RELEASE\spring-boot-test-autoconfigure-2.1.3.RELEASE.jar;C:\Users\praka\.m2\repository\com\jayway\jsonpath\json-path\2.4.0\json-path-2.4.0.jar;C:\Users\praka\.m2\repository\net\minidev\json-smart\2.3\json-smart-2.3.jar;C:\Users\praka\.m2\repository\net\minidev\accessors-smart\1.2\accessors-smart-1.2.jar;C:\Users\praka\.m2\repository\org\assertj\assertj-core\3.11.1\assertj-core-3.11.1.jar;C:\Users\praka\.m2\repository\org\mockito\mockito-core\2.23.4\mockito-core-2.23.4.jar;C:\Users\praka\.m2\repository\net\bytebuddy\byte-buddy-agent\1.9.10\byte-buddy-agent-1.9.10.jar;C:\Users\praka\.m2\repository\org\hamcrest\hamcrest-core\1.3\hamcrest-core-1.3.jar;C:\Users\praka\.m2\repository\org\hamcrest\hamcrest-library\1.3\hamcrest-library-1.3.jar;C:\Users\praka\.m2\repository\org\skyscreamer\jsonassert\1.5.0\jsonassert-1.5.0.jar;C:\Users\praka\.m2\repository\com\vaadin\external\google\android-json\0.0.20131108.vaadin1\android-json-0.0.20131108.vaadin1.jar;C:\Users\praka\.m2\repository\org\springframework\spring-test\5.1.5.RELEASE\spring-test-5.1.5.RELEASE.jar;C:\Users\praka\.m2\repository\org\xmlunit\xmlunit-core\2.6.2\xmlunit-core-2.6.2.jar;C:\Users\praka\.m2\repository\org\gebish\geb-spock\2.3.1\geb-spock-2.3.1.jar;C:\Users\praka\.m2\repository\org\codehaus\groovy\groovy-all\2.4.16\groovy-all-2.4.16.jar;C:\Users\praka\.m2\repository\org\gebish\geb-core\2.3.1\geb-core-2.3.1.jar;C:\Users\praka\.m2\repository\org\gebish\geb-ast\2.3.1\geb-ast-2.3.1.jar;C:\Users\praka\.m2\repository\org\gebish\geb-waiting\2.3.1\geb-waiting-2.3.1.jar;C:\Users\praka\.m2\repository\org\gebish\geb-implicit-assertions\2.3.1\geb-implicit-assertions-2.3.1.jar;C:\Users\praka\.m2\repository\org\gebish\geb-exceptions\2.3.1\geb-exceptions-2.3.1.jar;C:\Users\praka\.m2\repository\org\jodd\jodd-lagarto\3.7.1\jodd-lagarto-3.7.1.jar;C:\Users\praka\.m2\repository\org\jodd\jodd-core\3.7.1\jodd-core-3.7.1.jar;C:\Users\praka\.m2\repository\org\jodd\jodd-log\3.7.1\jodd-log-3.7.1.jar;C:\Users\praka\.m2\repository\org\threeten\threeten-extra\1.4\threeten-extra-1.4.jar;C:\Users\praka\.m2\repository\org\seleniumhq\selenium\selenium-support\3.141.59\selenium-support-3.141.59.jar;C:\Users\praka\.m2\repository\org\seleniumhq\selenium\selenium-api\3.14.0\selenium-api-3.14.0.jar;C:\Users\praka\.m2\repository\org\seleniumhq\selenium\selenium-remote-driver\3.14.0\selenium-remote-driver-3.14.0.jar;C:\Users\praka\.m2\repository\org\apache\httpcomponents\httpclient\4.5.7\httpclient-4.5.7.jar;C:\Users\praka\.m2\repository\org\apache\httpcomponents\httpcore\4.4.11\httpcore-4.4.11.jar;C:\Users\praka\.m2\repository\net\bytebuddy\byte-buddy\1.9.10\byte-buddy-1.9.10.jar;C:\Users\praka\.m2\repository\org\apache\commons\commons-exec\1.3\commons-exec-1.3.jar;C:\Users\praka\.m2\repository\com\google\guava\guava\25.0-jre\guava-25.0-jre.jar;C:\Users\praka\.m2\repository\org\checkerframework\checker-compat-qual\2.0.0\checker-compat-qual-2.0.0.jar;C:\Users\praka\.m2\repository\com\google\j2objc\j2objc-annotations\1.1\j2objc-annotations-1.1.jar;C:\Users\praka\.m2\repository\org\codehaus\mojo\animal-sniffer-annotations\1.14\animal-sniffer-annotations-1.14.jar;C:\Users\praka\.m2\repository\com\squareup\okhttp3\okhttp\3.11.0\okhttp-3.11.0.jar;C:\Users\praka\.m2\repository\com\squareup\okio\okio\1.14.0\okio-1.14.0.jar;C:\Users\praka\.m2\repository\org\seleniumhq\selenium\htmlunit-driver\2.33.3\htmlunit-driver-2.33.3.jar;C:\Users\praka\.m2\repository\net\sourceforge\htmlunit\htmlunit\2.33\htmlunit-2.33.jar;C:\Users\praka\.m2\repository\xalan\xalan\2.7.2\xalan-2.7.2.jar;C:\Users\praka\.m2\repository\xalan\serializer\2.7.2\serializer-2.7.2.jar;C:\Users\praka\.m2\repository\org\apache\commons\commons-lang3\3.8.1\commons-lang3-3.8.1.jar;C:\Users\praka\.m2\repository\org\apache\commons\commons-text\1.4\commons-text-1.4.jar;C:\Users\praka\.m2\repository\org\apache\httpcomponents\httpmime\4.5.7\httpmime-4.5.7.jar;C:\Users\praka\.m2\repository\net\sourceforge\htmlunit\htmlunit-core-js\2.33\htmlunit-core-js-2.33.jar;C:\Users\praka\.m2\repository\net\sourceforge\htmlunit\neko-htmlunit\2.33\neko-htmlunit-2.33.jar;C:\Users\praka\.m2\repository\xerces\xercesImpl\2.12.0\xercesImpl-2.12.0.jar;C:\Users\praka\.m2\repository\xml-apis\xml-apis\1.4.01\xml-apis-1.4.01.jar;C:\Users\praka\.m2\repository\net\sourceforge\htmlunit\htmlunit-cssparser\1.2.0\htmlunit-cssparser-1.2.0.jar;C:\Users\praka\.m2\repository\commons-net\commons-net\3.6\commons-net-3.6.jar;C:\Users\praka\.m2\repository\org\eclipse\jetty\websocket\websocket-client\9.4.14.v20181114\websocket-client-9.4.14.v20181114.jar;C:\Users\praka\.m2\repository\org\eclipse\jetty\jetty-client\9.4.14.v20181114\jetty-client-9.4.14.v20181114.jar;C:\Users\praka\.m2\repository\org\eclipse\jetty\websocket\websocket-common\9.4.14.v20181114\websocket-common-9.4.14.v20181114.jar;C:\Users\praka\.m2\repository\org\eclipse\jetty\websocket\websocket-api\9.4.14.v20181114\websocket-api-9.4.14.v20181114.jar;C:\Users\praka\.m2\repository\org\apache\logging\log4j\log4j-slf4j-impl\2.11.2\log4j-slf4j-impl-2.11.2.jar;C:\Users\praka\.m2\repository\org\slf4j\slf4j-api\1.7.25\slf4j-api-1.7.25.jar;C:\Users\praka\.m2\repository\org\apache\logging\log4j\log4j-api\2.11.2\log4j-api-2.11.2.jar;C:\Users\praka\.m2\repository\org\eclipse\yasson\1.0.1\yasson-1.0.1.jar;C:\Users\praka\.m2\repository\javax\json\bind\javax.json.bind-api\1.0\javax.json.bind-api-1.0.jar;C:\Users\praka\.m2\repository\javax\json\javax.json-api\1.1.4\javax.json-api-1.1.4.jar;C:\Users\praka\.m2\repository\javax\enterprise\cdi-api\2.0\cdi-api-2.0.jar;C:\Users\praka\.m2\repository\javax\el\javax.el-api\3.0.0\javax.el-api-3.0.0.jar;C:\Users\praka\.m2\repository\javax\interceptor\javax.interceptor-api\1.2\javax.interceptor-api-1.2.jar;C:\Users\praka\.m2\repository\org\glassfish\javax.json\1.1.2\javax.json-1.1.2.jar;C:\Users\praka\.m2\repository\com\fasterxml\jackson\core\jackson-databind\2.9.6\jackson-databind-2.9.6.jar;C:\Users\praka\.m2\repository\com\fasterxml\jackson\core\jackson-annotations\2.9.0\jackson-annotations-2.9.0.jar;C:\Users\praka\.m2\repository\com\fasterxml\jackson\core\jackson-core\2.9.8\jackson-core-2.9.8.jar;C:\Users\praka\.m2\repository\com\fasterxml\jackson\dataformat\jackson-dataformat-yaml\2.9.6\jackson-dataformat-yaml-2.9.6.jar;C:\Users\praka\.m2\repository\javax\servlet\javax.servlet-api\3.0.1\javax.servlet-api-3.0.1.jar;C:\Users\praka\.m2\repository\io\cucumber\cucumber-junit\6.11.0\cucumber-junit-6.11.0.jar;C:\Users\praka\.m2\repository\org\apiguardian\apiguardian-api\1.1.2\apiguardian-api-1.1.2.jar;C:\Users\praka\.m2\repository\io\cucumber\cucumber-core\6.11.0\cucumber-core-6.11.0.jar;C:\Users\praka\.m2\repository\io\cucumber\cucumber-gherkin\6.11.0\cucumber-gherkin-6.11.0.jar;C:\Users\praka\.m2\repository\io\cucumber\cucumber-gherkin-messages\6.11.0\cucumber-gherkin-messages-6.11.0.jar;C:\Users\praka\.m2\repository\io\cucumber\messages\15.0.0\messages-15.0.0.jar;C:\Users\praka\.m2\repository\io\cucumber\tag-expressions\3.0.1\tag-expressions-3.0.1.jar;C:\Users\praka\.m2\repository\io\cucumber\cucumber-expressions\10.3.0\cucumber-expressions-10.3.0.jar;C:\Users\praka\.m2\repository\io\cucumber\datatable\3.5.0\datatable-3.5.0.jar;C:\Users\praka\.m2\repository\io\cucumber\cucumber-plugin\6.11.0\cucumber-plugin-6.11.0.jar;C:\Users\praka\.m2\repository\io\cucumber\docstring\6.11.0\docstring-6.11.0.jar;C:\Users\praka\.m2\repository\io\cucumber\html-formatter\13.0.0\html-formatter-13.0.0.jar;C:\Users\praka\.m2\repository\io\cucumber\create-meta\4.0.0\create-meta-4.0.0.jar;C:\Users\praka\.m2\repository\io\cucumber\cucumber-java\6.11.0\cucumber-java-6.11.0.jar;C:\Users\praka\.m2\repository\io\cucumber\cucumber-testng\6.11.0\cucumber-testng-6.11.0.jar;C:\Users\praka\.m2\repository\org\testng\testng\7.4.0\testng-7.4.0.jar;C:\Users\praka\.m2\repository\com\beust\jcommander\1.78\jcommander-1.78.jar;C:\Users\praka\.m2\repository\org\webjars\jquery\3.5.1\jquery-3.5.1.jar;C:\Users\praka\.m2\repository\junit\junit\4.13.2\junit-4.13.2.jar;C:\Users\praka\.m2\repository\io\github\bonigarcia\webdrivermanager\5.0.3\webdrivermanager-5.0.3.jar;C:\Users\praka\.m2\repository\com\google\code\gson\gson\2.8.5\gson-2.8.5.jar;C:\Users\praka\.m2\repository\org\jsoup\jsoup\1.14.2\jsoup-1.14.2.jar;C:\Users\praka\.m2\repository\com\github\docker-java\docker-java\3.2.12\docker-java-3.2.12.jar;C:\Users\praka\.m2\repository\com\github\docker-java\docker-java-core\3.2.12\docker-java-core-3.2.12.jar;C:\Users\praka\.m2\repository\com\github\docker-java\docker-java-api\3.2.12\docker-java-api-3.2.12.jar;C:\Users\praka\.m2\repository\org\apache\commons\commons-compress\1.21\commons-compress-1.21.jar;C:\Users\praka\.m2\repository\commons-lang\commons-lang\2.6\commons-lang-2.6.jar;C:\Users\praka\.m2\repository\org\bouncycastle\bcpkix-jdk15on\1.64\bcpkix-jdk15on-1.64.jar;C:\Users\praka\.m2\repository\org\bouncycastle\bcprov-jdk15on\1.64\bcprov-jdk15on-1.64.jar;C:\Users\praka\.m2\repository\org\slf4j\jcl-over-slf4j\1.7.25\jcl-over-slf4j-1.7.25.jar;C:\Users\praka\.m2\repository\com\github\docker-java\docker-java-transport-httpclient5\3.2.12\docker-java-transport-httpclient5-3.2.12.jar;C:\Users\praka\.m2\repository\com\github\docker-java\docker-java-transport\3.2.12\docker-java-transport-3.2.12.jar;C:\Users\praka\.m2\repository\org\apache\httpcomponents\client5\httpclient5\5.0.3\httpclient5-5.0.3.jar;C:\Users\praka\.m2\repository\org\apache\httpcomponents\core5\httpcore5\5.0.2\httpcore5-5.0.2.jar;C:\Users\praka\.m2\repository\net\java\dev\jna\jna\4.5.2\jna-4.5.2.jar;C:\Users\praka\.m2\repository\org\brotli\dec\0.1.2\dec-0.1.2.jar;"/>
    <property name="java.vm.vendor" value="Oracle Corporation"/>
    <property name="sun.arch.data.model" value="64"/>
    <property name="user.variant" value=""/>
    <property name="java.vendor.url" value="https://openjdk.java.net/"/>
    <property name="user.timezone" value="Asia/Calcutta"/>
    <property name="Test" value="TestRunner"/>
    <property name="java.vm.specification.version" value="11"/>
    <property name="os.name" value="Windows 10"/>
    <property name="sun.java.launcher" value="SUN_STANDARD"/>
    <property name="user.country" value="IN"/>
    <property name="sun.boot.library.path" value="C:\Program Files\Java\jdk-11.0.12\bin"/>
    <property name="sun.java.command" value="C:\Users\praka\AppData\Local\Temp\surefire5793801345657536873\surefirebooter7833652486638093545.jar C:\Users\praka\AppData\Local\Temp\surefire5793801345657536873 2022-02-05T00-38-30_273-jvmRun1 surefire16789861920009805315tmp surefire_07497620409785058559tmp"/>
    <property name="jdk.debug" value="release"/>
    <property name="surefire.test.class.path" value="C:\Users\praka\IdeaProjects\CucumberAuto\CucumberAuto\target\test-classes;C:\Users\praka\IdeaProjects\CucumberAuto\CucumberAuto\target\classes;C:\Users\praka\.m2\repository\org\springframework\boot\spring-boot-starter\2.1.3.RELEASE\spring-boot-starter-2.1.3.RELEASE.jar;C:\Users\praka\.m2\repository\org\springframework\boot\spring-boot\2.1.3.RELEASE\spring-boot-2.1.3.RELEASE.jar;C:\Users\praka\.m2\repository\org\springframework\spring-context\5.1.5.RELEASE\spring-context-5.1.5.RELEASE.jar;C:\Users\praka\.m2\repository\org\springframework\boot\spring-boot-autoconfigure\2.1.3.RELEASE\spring-boot-autoconfigure-2.1.3.RELEASE.jar;C:\Users\praka\.m2\repository\javax\annotation\javax.annotation-api\1.3.2\javax.annotation-api-1.3.2.jar;C:\Users\praka\.m2\repository\org\springframework\spring-core\5.1.5.RELEASE\spring-core-5.1.5.RELEASE.jar;C:\Users\praka\.m2\repository\org\springframework\spring-jcl\5.1.5.RELEASE\spring-jcl-5.1.5.RELEASE.jar;C:\Users\praka\.m2\repository\org\yaml\snakeyaml\1.23\snakeyaml-1.23.jar;C:\Users\praka\.m2\repository\org\springframework\boot\spring-boot-starter-web\2.1.3.RELEASE\spring-boot-starter-web-2.1.3.RELEASE.jar;C:\Users\praka\.m2\repository\org\springframework\boot\spring-boot-starter-json\2.1.3.RELEASE\spring-boot-starter-json-2.1.3.RELEASE.jar;C:\Users\praka\.m2\repository\com\fasterxml\jackson\datatype\jackson-datatype-jdk8\2.9.8\jackson-datatype-jdk8-2.9.8.jar;C:\Users\praka\.m2\repository\com\fasterxml\jackson\datatype\jackson-datatype-jsr310\2.9.8\jackson-datatype-jsr310-2.9.8.jar;C:\Users\praka\.m2\repository\com\fasterxml\jackson\module\jackson-module-parameter-names\2.9.8\jackson-module-parameter-names-2.9.8.jar;C:\Users\praka\.m2\repository\org\springframework\boot\spring-boot-starter-tomcat\2.1.3.RELEASE\spring-boot-starter-tomcat-2.1.3.RELEASE.jar;C:\Users\praka\.m2\repository\org\apache\tomcat\embed\tomcat-embed-core\9.0.16\tomcat-embed-core-9.0.16.jar;C:\Users\praka\.m2\repository\org\apache\tomcat\embed\tomcat-embed-el\9.0.16\tomcat-embed-el-9.0.16.jar;C:\Users\praka\.m2\repository\org\apache\tomcat\embed\tomcat-embed-websocket\9.0.16\tomcat-embed-websocket-9.0.16.jar;C:\Users\praka\.m2\repository\org\hibernate\validator\hibernate-validator\6.0.14.Final\hibernate-validator-6.0.14.Final.jar;C:\Users\praka\.m2\repository\javax\validation\validation-api\2.0.1.Final\validation-api-2.0.1.Final.jar;C:\Users\praka\.m2\repository\org\jboss\logging\jboss-logging\3.3.2.Final\jboss-logging-3.3.2.Final.jar;C:\Users\praka\.m2\repository\com\fasterxml\classmate\1.4.0\classmate-1.4.0.jar;C:\Users\praka\.m2\repository\org\springframework\spring-web\5.1.5.RELEASE\spring-web-5.1.5.RELEASE.jar;C:\Users\praka\.m2\repository\org\springframework\spring-beans\5.1.5.RELEASE\spring-beans-5.1.5.RELEASE.jar;C:\Users\praka\.m2\repository\org\springframework\spring-webmvc\5.1.5.RELEASE\spring-webmvc-5.1.5.RELEASE.jar;C:\Users\praka\.m2\repository\org\springframework\spring-aop\5.1.5.RELEASE\spring-aop-5.1.5.RELEASE.jar;C:\Users\praka\.m2\repository\org\springframework\spring-expression\5.1.5.RELEASE\spring-expression-5.1.5.RELEASE.jar;C:\Users\praka\.m2\repository\org\springframework\boot\spring-boot-starter-log4j2\2.1.3.RELEASE\spring-boot-starter-log4j2-2.1.3.RELEASE.jar;C:\Users\praka\.m2\repository\org\apache\logging\log4j\log4j-core\2.11.2\log4j-core-2.11.2.jar;C:\Users\praka\.m2\repository\org\apache\logging\log4j\log4j-jul\2.11.2\log4j-jul-2.11.2.jar;C:\Users\praka\.m2\repository\org\slf4j\jul-to-slf4j\1.7.25\jul-to-slf4j-1.7.25.jar;C:\Users\praka\.m2\repository\org\apache\tapestry\tapestry-core\5.7.3\tapestry-core-5.7.3.jar;C:\Users\praka\.m2\repository\org\apache\tapestry\tapestry-ioc\5.7.3\tapestry-ioc-5.7.3.jar;C:\Users\praka\.m2\repository\org\apache\tapestry\tapestry-func\5.7.3\tapestry-func-5.7.3.jar;C:\Users\praka\.m2\repository\org\apache\tapestry\tapestry5-annotations\5.7.3\tapestry5-annotations-5.7.3.jar;C:\Users\praka\.m2\repository\org\apache\tapestry\plastic\5.7.3\plastic-5.7.3.jar;C:\Users\praka\.m2\repository\javax\inject\javax.inject\1\javax.inject-1.jar;C:\Users\praka\.m2\repository\org\apache\tapestry\tapestry-json\5.7.3\tapestry-json-5.7.3.jar;C:\Users\praka\.m2\repository\org\apache\tapestry\beanmodel\5.7.3\beanmodel-5.7.3.jar;C:\Users\praka\.m2\repository\org\apache\tapestry\commons\5.7.3\commons-5.7.3.jar;C:\Users\praka\.m2\repository\org\antlr\antlr-runtime\3.5.2\antlr-runtime-3.5.2.jar;C:\Users\praka\.m2\repository\org\apache\tapestry\tapestry-http\5.7.3\tapestry-http-5.7.3.jar;C:\Users\praka\.m2\repository\jakarta\annotation\jakarta.annotation-api\1.3.4\jakarta.annotation-api-1.3.4.jar;C:\Users\praka\.m2\repository\jakarta\xml\bind\jakarta.xml.bind-api\2.3.2\jakarta.xml.bind-api-2.3.2.jar;C:\Users\praka\.m2\repository\jakarta\activation\jakarta.activation-api\1.2.1\jakarta.activation-api-1.2.1.jar;C:\Users\praka\.m2\repository\org\glassfish\jaxb\jaxb-runtime\2.3.1\jaxb-runtime-2.3.1.jar;C:\Users\praka\.m2\repository\javax\xml\bind\jaxb-api\2.3.1\jaxb-api-2.3.1.jar;C:\Users\praka\.m2\repository\org\glassfish\jaxb\txw2\2.3.1\txw2-2.3.1.jar;C:\Users\praka\.m2\repository\com\sun\istack\istack-commons-runtime\3.0.7\istack-commons-runtime-3.0.7.jar;C:\Users\praka\.m2\repository\org\jvnet\staxex\stax-ex\1.8\stax-ex-1.8.jar;C:\Users\praka\.m2\repository\com\sun\xml\fastinfoset\FastInfoset\1.2.15\FastInfoset-1.2.15.jar;C:\Users\praka\.m2\repository\javax\activation\javax.activation-api\1.2.0\javax.activation-api-1.2.0.jar;C:\Users\praka\.m2\repository\com\sun\xml\ws\jaxws-rt\2.3.2\jaxws-rt-2.3.2.jar;C:\Users\praka\.m2\repository\jakarta\xml\ws\jakarta.xml.ws-api\2.3.2\jakarta.xml.ws-api-2.3.2.jar;C:\Users\praka\.m2\repository\jakarta\xml\soap\jakarta.xml.soap-api\1.4.1\jakarta.xml.soap-api-1.4.1.jar;C:\Users\praka\.m2\repository\jakarta\jws\jakarta.jws-api\1.1.1\jakarta.jws-api-1.1.1.jar;C:\Users\praka\.m2\repository\com\sun\xml\ws\policy\2.7.6\policy-2.7.6.jar;C:\Users\praka\.m2\repository\org\glassfish\gmbal\gmbal\4.0.0\gmbal-4.0.0.jar;C:\Users\praka\.m2\repository\org\glassfish\external\management-api\3.2.1\management-api-3.2.1.jar;C:\Users\praka\.m2\repository\org\glassfish\pfl\pfl-basic\4.0.1\pfl-basic-4.0.1.jar;C:\Users\praka\.m2\repository\org\glassfish\pfl\pfl-tf\4.0.1\pfl-tf-4.0.1.jar;C:\Users\praka\.m2\repository\org\glassfish\pfl\pfl-asm\4.0.1\pfl-asm-4.0.1.jar;C:\Users\praka\.m2\repository\org\glassfish\pfl\pfl-dynamic\4.0.1\pfl-dynamic-4.0.1.jar;C:\Users\praka\.m2\repository\org\glassfish\pfl\pfl-basic-tools\4.0.1\pfl-basic-tools-4.0.1.jar;C:\Users\praka\.m2\repository\org\glassfish\pfl\pfl-tf-tools\4.0.1\pfl-tf-tools-4.0.1.jar;C:\Users\praka\.m2\repository\com\sun\xml\stream\buffer\streambuffer\1.5.7\streambuffer-1.5.7.jar;C:\Users\praka\.m2\repository\org\jvnet\mimepull\mimepull\1.9.11\mimepull-1.9.11.jar;C:\Users\praka\.m2\repository\org\glassfish\ha\ha-api\3.1.12\ha-api-3.1.12.jar;C:\Users\praka\.m2\repository\com\sun\xml\messaging\saaj\saaj-impl\1.5.0\saaj-impl-1.5.0.jar;C:\Users\praka\.m2\repository\com\fasterxml\woodstox\woodstox-core\5.1.0\woodstox-core-5.1.0.jar;C:\Users\praka\.m2\repository\org\codehaus\woodstox\stax2-api\4.1\stax2-api-4.1.jar;C:\Users\praka\.m2\repository\javax\xml\ws\jaxws-api\2.3.1\jaxws-api-2.3.1.jar;C:\Users\praka\.m2\repository\javax\xml\soap\javax.xml.soap-api\1.4.0\javax.xml.soap-api-1.4.0.jar;C:\Users\praka\.m2\repository\commons-codec\commons-codec\1.11\commons-codec-1.11.jar;C:\Users\praka\.m2\repository\org\apache\tapestry\tapestry-webresources\5.7.3\tapestry-webresources-5.7.3.jar;C:\Users\praka\.m2\repository\com\github\sommeri\less4j\1.12.0\less4j-1.12.0.jar;C:\Users\praka\.m2\repository\commons-io\commons-io\2.3\commons-io-2.3.jar;C:\Users\praka\.m2\repository\commons-beanutils\commons-beanutils\1.8.3\commons-beanutils-1.8.3.jar;C:\Users\praka\.m2\repository\commons-logging\commons-logging\1.1.1\commons-logging-1.1.1.jar;C:\Users\praka\.m2\repository\org\json\json\20090211\json-20090211.jar;C:\Users\praka\.m2\repository\com\google\protobuf\protobuf-java\2.5.0\protobuf-java-2.5.0.jar;C:\Users\praka\.m2\repository\com\google\javascript\closure-compiler-unshaded\v20200504\closure-compiler-unshaded-v20200504.jar;C:\Users\praka\.m2\repository\com\google\javascript\closure-compiler-externs\v20200504\closure-compiler-externs-v20200504.jar;C:\Users\praka\.m2\repository\args4j\args4j\2.0.26\args4j-2.0.26.jar;C:\Users\praka\.m2\repository\com\google\errorprone\error_prone_annotations\2.3.1\error_prone_annotations-2.3.1.jar;C:\Users\praka\.m2\repository\com\google\code\findbugs\jsr305\3.0.1\jsr305-3.0.1.jar;C:\Users\praka\.m2\repository\com\google\jsinterop\jsinterop-annotations\1.0.2\jsinterop-annotations-1.0.2.jar;C:\Users\praka\.m2\repository\com\google\jsinterop\base\1.0.0\base-1.0.0.jar;C:\Users\praka\.m2\repository\com\google\elemental2\elemental2-core\1.0.0-RC1\elemental2-core-1.0.0-RC1.jar;C:\Users\praka\.m2\repository\com\google\re2j\re2j\1.3\re2j-1.3.jar;C:\Users\praka\.m2\repository\org\mozilla\rhino\1.7.7.2\rhino-1.7.7.2.jar;C:\Users\praka\.m2\repository\org\apache\tapestry\tapestry-test\5.7.3\tapestry-test-5.7.3.jar;C:\Users\praka\.m2\repository\org\apache\tapestry\tapestry-test-data\5.7.3\tapestry-test-data-5.7.3.jar;C:\Users\praka\.m2\repository\org\apache\tapestry\tapestry-runner\5.7.3\tapestry-runner-5.7.3.jar;C:\Users\praka\.m2\repository\org\apache\tapestry\tapestry-test-constants\5.7.3\tapestry-test-constants-5.7.3.jar;C:\Users\praka\.m2\repository\org\eclipse\jetty\jetty-server\9.4.14.v20181114\jetty-server-9.4.14.v20181114.jar;C:\Users\praka\.m2\repository\org\eclipse\jetty\jetty-http\9.4.14.v20181114\jetty-http-9.4.14.v20181114.jar;C:\Users\praka\.m2\repository\org\eclipse\jetty\jetty-io\9.4.14.v20181114\jetty-io-9.4.14.v20181114.jar;C:\Users\praka\.m2\repository\org\eclipse\jetty\jetty-jndi\9.4.14.v20181114\jetty-jndi-9.4.14.v20181114.jar;C:\Users\praka\.m2\repository\org\eclipse\jetty\jetty-util\9.4.14.v20181114\jetty-util-9.4.14.v20181114.jar;C:\Users\praka\.m2\repository\org\eclipse\jetty\jetty-plus\9.4.14.v20181114\jetty-plus-9.4.14.v20181114.jar;C:\Users\praka\.m2\repository\org\eclipse\jetty\jetty-webapp\9.4.14.v20181114\jetty-webapp-9.4.14.v20181114.jar;C:\Users\praka\.m2\repository\org\eclipse\jetty\jetty-xml\9.4.14.v20181114\jetty-xml-9.4.14.v20181114.jar;C:\Users\praka\.m2\repository\org\eclipse\jetty\jetty-servlet\9.4.14.v20181114\jetty-servlet-9.4.14.v20181114.jar;C:\Users\praka\.m2\repository\org\eclipse\jetty\jetty-security\9.4.14.v20181114\jetty-security-9.4.14.v20181114.jar;C:\Users\praka\.m2\repository\org\apache\tomcat\tomcat-catalina\7.0.70\tomcat-catalina-7.0.70.jar;C:\Users\praka\.m2\repository\org\apache\tomcat\tomcat-servlet-api\7.0.70\tomcat-servlet-api-7.0.70.jar;C:\Users\praka\.m2\repository\org\apache\tomcat\tomcat-juli\7.0.70\tomcat-juli-7.0.70.jar;C:\Users\praka\.m2\repository\org\apache\tomcat\tomcat-annotations-api\9.0.16\tomcat-annotations-api-9.0.16.jar;C:\Users\praka\.m2\repository\org\apache\tomcat\tomcat-api\7.0.70\tomcat-api-7.0.70.jar;C:\Users\praka\.m2\repository\org\apache\tomcat\tomcat-util\7.0.70\tomcat-util-7.0.70.jar;C:\Users\praka\.m2\repository\org\apache\tomcat\tomcat-coyote\7.0.70\tomcat-coyote-7.0.70.jar;C:\Users\praka\.m2\repository\org\apache\tomcat\tomcat-dbcp\7.0.70\tomcat-dbcp-7.0.70.jar;C:\Users\praka\.m2\repository\commons-cli\commons-cli\1.2\commons-cli-1.2.jar;C:\Users\praka\.m2\repository\org\apache\tomcat\tomcat-jasper\7.0.70\tomcat-jasper-7.0.70.jar;C:\Users\praka\.m2\repository\org\apache\tomcat\tomcat-jsp-api\9.0.16\tomcat-jsp-api-9.0.16.jar;C:\Users\praka\.m2\repository\org\apache\tomcat\tomcat-el-api\7.0.70\tomcat-el-api-7.0.70.jar;C:\Users\praka\.m2\repository\org\eclipse\jdt\core\compiler\ecj\4.4.2\ecj-4.4.2.jar;C:\Users\praka\.m2\repository\org\apache\tomcat\tomcat-jasper-el\7.0.70\tomcat-jasper-el-7.0.70.jar;C:\Users\praka\.m2\repository\org\seleniumhq\selenium\selenium-leg-rc\3.141.59\selenium-leg-rc-3.141.59.jar;C:\Users\praka\.m2\repository\org\seleniumhq\selenium\selenium-chrome-driver\3.14.0\selenium-chrome-driver-3.14.0.jar;C:\Users\praka\.m2\repository\org\seleniumhq\selenium\selenium-edge-driver\3.14.0\selenium-edge-driver-3.14.0.jar;C:\Users\praka\.m2\repository\org\seleniumhq\selenium\selenium-firefox-driver\3.14.0\selenium-firefox-driver-3.14.0.jar;C:\Users\praka\.m2\repository\org\seleniumhq\selenium\selenium-ie-driver\3.14.0\selenium-ie-driver-3.14.0.jar;C:\Users\praka\.m2\repository\org\seleniumhq\selenium\selenium-opera-driver\3.14.0\selenium-opera-driver-3.14.0.jar;C:\Users\praka\.m2\repository\org\seleniumhq\selenium\selenium-safari-driver\3.14.0\selenium-safari-driver-3.14.0.jar;C:\Users\praka\.m2\repository\org\apache\ant\ant\1.9.9\ant-1.9.9.jar;C:\Users\praka\.m2\repository\org\apache\ant\ant-launcher\1.9.9\ant-launcher-1.9.9.jar;C:\Users\praka\.m2\repository\org\easymock\easymock\3.3.1\easymock-3.3.1.jar;C:\Users\praka\.m2\repository\cglib\cglib\3.1\cglib-3.1.jar;C:\Users\praka\.m2\repository\org\ow2\asm\asm\5.0.3\asm-5.0.3.jar;C:\Users\praka\.m2\repository\org\objenesis\objenesis\2.1\objenesis-2.1.jar;C:\Users\praka\.m2\repository\net\sourceforge\tapestrytestify\tapestry-testify\1.0.4\tapestry-testify-1.0.4.jar;C:\Users\praka\.m2\repository\org\testng\testng\5.8\testng-5.8-jdk15.jar;C:\Users\praka\.m2\repository\net\sourceforge\tapestryxpath\tapestry-xpath\1.0.1\tapestry-xpath-1.0.1.jar;C:\Users\praka\.m2\repository\jaxen\jaxen\1.1.6\jaxen-1.1.6.jar;C:\Users\praka\.m2\repository\org\spockframework\spock-core\1.3-RC1-groovy-2.5\spock-core-1.3-RC1-groovy-2.5.jar;C:\Users\praka\.m2\repository\org\codehaus\groovy\groovy\2.5.6\groovy-2.5.6.jar;C:\Users\praka\.m2\repository\org\codehaus\groovy\groovy-json\2.5.6\groovy-json-2.5.6.jar;C:\Users\praka\.m2\repository\org\codehaus\groovy\groovy-nio\2.5.6\groovy-nio-2.5.6.jar;C:\Users\praka\.m2\repository\org\codehaus\groovy\groovy-macro\2.5.6\groovy-macro-2.5.6.jar;C:\Users\praka\.m2\repository\org\codehaus\groovy\groovy-templates\2.5.6\groovy-templates-2.5.6.jar;C:\Users\praka\.m2\repository\org\codehaus\groovy\groovy-test\2.5.6\groovy-test-2.5.6.jar;C:\Users\praka\.m2\repository\org\codehaus\groovy\groovy-sql\2.5.6\groovy-sql-2.5.6.jar;C:\Users\praka\.m2\repository\org\codehaus\groovy\groovy-xml\2.5.6\groovy-xml-2.5.6.jar;C:\Users\praka\.m2\repository\org\spockframework\spock-spring\1.3-RC1-groovy-2.5\spock-spring-1.3-RC1-groovy-2.5.jar;C:\Users\praka\.m2\repository\org\springframework\boot\spring-boot-starter-test\2.1.3.RELEASE\spring-boot-starter-test-2.1.3.RELEASE.jar;C:\Users\praka\.m2\repository\org\springframework\boot\spring-boot-test\2.1.3.RELEASE\spring-boot-test-2.1.3.RELEASE.jar;C:\Users\praka\.m2\repository\org\springframework\boot\spring-boot-test-autoconfigure\2.1.3.RELEASE\spring-boot-test-autoconfigure-2.1.3.RELEASE.jar;C:\Users\praka\.m2\repository\com\jayway\jsonpath\json-path\2.4.0\json-path-2.4.0.jar;C:\Users\praka\.m2\repository\net\minidev\json-smart\2.3\json-smart-2.3.jar;C:\Users\praka\.m2\repository\net\minidev\accessors-smart\1.2\accessors-smart-1.2.jar;C:\Users\praka\.m2\repository\org\assertj\assertj-core\3.11.1\assertj-core-3.11.1.jar;C:\Users\praka\.m2\repository\org\mockito\mockito-core\2.23.4\mockito-core-2.23.4.jar;C:\Users\praka\.m2\repository\net\bytebuddy\byte-buddy-agent\1.9.10\byte-buddy-agent-1.9.10.jar;C:\Users\praka\.m2\repository\org\hamcrest\hamcrest-core\1.3\hamcrest-core-1.3.jar;C:\Users\praka\.m2\repository\org\hamcrest\hamcrest-library\1.3\hamcrest-library-1.3.jar;C:\Users\praka\.m2\repository\org\skyscreamer\jsonassert\1.5.0\jsonassert-1.5.0.jar;C:\Users\praka\.m2\repository\com\vaadin\external\google\android-json\0.0.20131108.vaadin1\android-json-0.0.20131108.vaadin1.jar;C:\Users\praka\.m2\repository\org\springframework\spring-test\5.1.5.RELEASE\spring-test-5.1.5.RELEASE.jar;C:\Users\praka\.m2\repository\org\xmlunit\xmlunit-core\2.6.2\xmlunit-core-2.6.2.jar;C:\Users\praka\.m2\repository\org\gebish\geb-spock\2.3.1\geb-spock-2.3.1.jar;C:\Users\praka\.m2\repository\org\codehaus\groovy\groovy-all\2.4.16\groovy-all-2.4.16.jar;C:\Users\praka\.m2\repository\org\gebish\geb-core\2.3.1\geb-core-2.3.1.jar;C:\Users\praka\.m2\repository\org\gebish\geb-ast\2.3.1\geb-ast-2.3.1.jar;C:\Users\praka\.m2\repository\org\gebish\geb-waiting\2.3.1\geb-waiting-2.3.1.jar;C:\Users\praka\.m2\repository\org\gebish\geb-implicit-assertions\2.3.1\geb-implicit-assertions-2.3.1.jar;C:\Users\praka\.m2\repository\org\gebish\geb-exceptions\2.3.1\geb-exceptions-2.3.1.jar;C:\Users\praka\.m2\repository\org\jodd\jodd-lagarto\3.7.1\jodd-lagarto-3.7.1.jar;C:\Users\praka\.m2\repository\org\jodd\jodd-core\3.7.1\jodd-core-3.7.1.jar;C:\Users\praka\.m2\repository\org\jodd\jodd-log\3.7.1\jodd-log-3.7.1.jar;C:\Users\praka\.m2\repository\org\threeten\threeten-extra\1.4\threeten-extra-1.4.jar;C:\Users\praka\.m2\repository\org\seleniumhq\selenium\selenium-support\3.141.59\selenium-support-3.141.59.jar;C:\Users\praka\.m2\repository\org\seleniumhq\selenium\selenium-api\3.14.0\selenium-api-3.14.0.jar;C:\Users\praka\.m2\repository\org\seleniumhq\selenium\selenium-remote-driver\3.14.0\selenium-remote-driver-3.14.0.jar;C:\Users\praka\.m2\repository\org\apache\httpcomponents\httpclient\4.5.7\httpclient-4.5.7.jar;C:\Users\praka\.m2\repository\org\apache\httpcomponents\httpcore\4.4.11\httpcore-4.4.11.jar;C:\Users\praka\.m2\repository\net\bytebuddy\byte-buddy\1.9.10\byte-buddy-1.9.10.jar;C:\Users\praka\.m2\repository\org\apache\commons\commons-exec\1.3\commons-exec-1.3.jar;C:\Users\praka\.m2\repository\com\google\guava\guava\25.0-jre\guava-25.0-jre.jar;C:\Users\praka\.m2\repository\org\checkerframework\checker-compat-qual\2.0.0\checker-compat-qual-2.0.0.jar;C:\Users\praka\.m2\repository\com\google\j2objc\j2objc-annotations\1.1\j2objc-annotations-1.1.jar;C:\Users\praka\.m2\repository\org\codehaus\mojo\animal-sniffer-annotations\1.14\animal-sniffer-annotations-1.14.jar;C:\Users\praka\.m2\repository\com\squareup\okhttp3\okhttp\3.11.0\okhttp-3.11.0.jar;C:\Users\praka\.m2\repository\com\squareup\okio\okio\1.14.0\okio-1.14.0.jar;C:\Users\praka\.m2\repository\org\seleniumhq\selenium\htmlunit-driver\2.33.3\htmlunit-driver-2.33.3.jar;C:\Users\praka\.m2\repository\net\sourceforge\htmlunit\htmlunit\2.33\htmlunit-2.33.jar;C:\Users\praka\.m2\repository\xalan\xalan\2.7.2\xalan-2.7.2.jar;C:\Users\praka\.m2\repository\xalan\serializer\2.7.2\serializer-2.7.2.jar;C:\Users\praka\.m2\repository\org\apache\commons\commons-lang3\3.8.1\commons-lang3-3.8.1.jar;C:\Users\praka\.m2\repository\org\apache\commons\commons-text\1.4\commons-text-1.4.jar;C:\Users\praka\.m2\repository\org\apache\httpcomponents\httpmime\4.5.7\httpmime-4.5.7.jar;C:\Users\praka\.m2\repository\net\sourceforge\htmlunit\htmlunit-core-js\2.33\htmlunit-core-js-2.33.jar;C:\Users\praka\.m2\repository\net\sourceforge\htmlunit\neko-htmlunit\2.33\neko-htmlunit-2.33.jar;C:\Users\praka\.m2\repository\xerces\xercesImpl\2.12.0\xercesImpl-2.12.0.jar;C:\Users\praka\.m2\repository\xml-apis\xml-apis\1.4.01\xml-apis-1.4.01.jar;C:\Users\praka\.m2\repository\net\sourceforge\htmlunit\htmlunit-cssparser\1.2.0\htmlunit-cssparser-1.2.0.jar;C:\Users\praka\.m2\repository\commons-net\commons-net\3.6\commons-net-3.6.jar;C:\Users\praka\.m2\repository\org\eclipse\jetty\websocket\websocket-client\9.4.14.v20181114\websocket-client-9.4.14.v20181114.jar;C:\Users\praka\.m2\repository\org\eclipse\jetty\jetty-client\9.4.14.v20181114\jetty-client-9.4.14.v20181114.jar;C:\Users\praka\.m2\repository\org\eclipse\jetty\websocket\websocket-common\9.4.14.v20181114\websocket-common-9.4.14.v20181114.jar;C:\Users\praka\.m2\repository\org\eclipse\jetty\websocket\websocket-api\9.4.14.v20181114\websocket-api-9.4.14.v20181114.jar;C:\Users\praka\.m2\repository\org\apache\logging\log4j\log4j-slf4j-impl\2.11.2\log4j-slf4j-impl-2.11.2.jar;C:\Users\praka\.m2\repository\org\slf4j\slf4j-api\1.7.25\slf4j-api-1.7.25.jar;C:\Users\praka\.m2\repository\org\apache\logging\log4j\log4j-api\2.11.2\log4j-api-2.11.2.jar;C:\Users\praka\.m2\repository\org\eclipse\yasson\1.0.1\yasson-1.0.1.jar;C:\Users\praka\.m2\repository\javax\json\bind\javax.json.bind-api\1.0\javax.json.bind-api-1.0.jar;C:\Users\praka\.m2\repository\javax\json\javax.json-api\1.1.4\javax.json-api-1.1.4.jar;C:\Users\praka\.m2\repository\javax\enterprise\cdi-api\2.0\cdi-api-2.0.jar;C:\Users\praka\.m2\repository\javax\el\javax.el-api\3.0.0\javax.el-api-3.0.0.jar;C:\Users\praka\.m2\repository\javax\interceptor\javax.interceptor-api\1.2\javax.interceptor-api-1.2.jar;C:\Users\praka\.m2\repository\org\glassfish\javax.json\1.1.2\javax.json-1.1.2.jar;C:\Users\praka\.m2\repository\com\fasterxml\jackson\core\jackson-databind\2.9.6\jackson-databind-2.9.6.jar;C:\Users\praka\.m2\repository\com\fasterxml\jackson\core\jackson-annotations\2.9.0\jackson-annotations-2.9.0.jar;C:\Users\praka\.m2\repository\com\fasterxml\jackson\core\jackson-core\2.9.8\jackson-core-2.9.8.jar;C:\Users\praka\.m2\repository\com\fasterxml\jackson\dataformat\jackson-dataformat-yaml\2.9.6\jackson-dataformat-yaml-2.9.6.jar;C:\Users\praka\.m2\repository\javax\servlet\javax.servlet-api\3.0.1\javax.servlet-api-3.0.1.jar;C:\Users\praka\.m2\repository\io\cucumber\cucumber-junit\6.11.0\cucumber-junit-6.11.0.jar;C:\Users\praka\.m2\repository\org\apiguardian\apiguardian-api\1.1.2\apiguardian-api-1.1.2.jar;C:\Users\praka\.m2\repository\io\cucumber\cucumber-core\6.11.0\cucumber-core-6.11.0.jar;C:\Users\praka\.m2\repository\io\cucumber\cucumber-gherkin\6.11.0\cucumber-gherkin-6.11.0.jar;C:\Users\praka\.m2\repository\io\cucumber\cucumber-gherkin-messages\6.11.0\cucumber-gherkin-messages-6.11.0.jar;C:\Users\praka\.m2\repository\io\cucumber\messages\15.0.0\messages-15.0.0.jar;C:\Users\praka\.m2\repository\io\cucumber\tag-expressions\3.0.1\tag-expressions-3.0.1.jar;C:\Users\praka\.m2\repository\io\cucumber\cucumber-expressions\10.3.0\cucumber-expressions-10.3.0.jar;C:\Users\praka\.m2\repository\io\cucumber\datatable\3.5.0\datatable-3.5.0.jar;C:\Users\praka\.m2\repository\io\cucumber\cucumber-plugin\6.11.0\cucumber-plugin-6.11.0.jar;C:\Users\praka\.m2\repository\io\cucumber\docstring\6.11.0\docstring-6.11.0.jar;C:\Users\praka\.m2\repository\io\cucumber\html-formatter\13.0.0\html-formatter-13.0.0.jar;C:\Users\praka\.m2\repository\io\cucumber\create-meta\4.0.0\create-meta-4.0.0.jar;C:\Users\praka\.m2\repository\io\cucumber\cucumber-java\6.11.0\cucumber-java-6.11.0.jar;C:\Users\praka\.m2\repository\io\cucumber\cucumber-testng\6.11.0\cucumber-testng-6.11.0.jar;C:\Users\praka\.m2\repository\org\testng\testng\7.4.0\testng-7.4.0.jar;C:\Users\praka\.m2\repository\com\beust\jcommander\1.78\jcommander-1.78.jar;C:\Users\praka\.m2\repository\org\webjars\jquery\3.5.1\jquery-3.5.1.jar;C:\Users\praka\.m2\repository\junit\junit\4.13.2\junit-4.13.2.jar;C:\Users\praka\.m2\repository\io\github\bonigarcia\webdrivermanager\5.0.3\webdrivermanager-5.0.3.jar;C:\Users\praka\.m2\repository\com\google\code\gson\gson\2.8.5\gson-2.8.5.jar;C:\Users\praka\.m2\repository\org\jsoup\jsoup\1.14.2\jsoup-1.14.2.jar;C:\Users\praka\.m2\repository\com\github\docker-java\docker-java\3.2.12\docker-java-3.2.12.jar;C:\Users\praka\.m2\repository\com\github\docker-java\docker-java-core\3.2.12\docker-java-core-3.2.12.jar;C:\Users\praka\.m2\repository\com\github\docker-java\docker-java-api\3.2.12\docker-java-api-3.2.12.jar;C:\Users\praka\.m2\repository\org\apache\commons\commons-compress\1.21\commons-compress-1.21.jar;C:\Users\praka\.m2\repository\commons-lang\commons-lang\2.6\commons-lang-2.6.jar;C:\Users\praka\.m2\repository\org\bouncycastle\bcpkix-jdk15on\1.64\bcpkix-jdk15on-1.64.jar;C:\Users\praka\.m2\repository\org\bouncycastle\bcprov-jdk15on\1.64\bcprov-jdk15on-1.64.jar;C:\Users\praka\.m2\repository\org\slf4j\jcl-over-slf4j\1.7.25\jcl-over-slf4j-1.7.25.jar;C:\Users\praka\.m2\repository\com\github\docker-java\docker-java-transport-httpclient5\3.2.12\docker-java-transport-httpclient5-3.2.12.jar;C:\Users\praka\.m2\repository\com\github\docker-java\docker-java-transport\3.2.12\docker-java-transport-3.2.12.jar;C:\Users\praka\.m2\repository\org\apache\httpcomponents\client5\httpclient5\5.0.3\httpclient5-5.0.3.jar;C:\Users\praka\.m2\repository\org\apache\httpcomponents\core5\httpcore5\5.0.2\httpcore5-5.0.2.jar;C:\Users\praka\.m2\repository\net\java\dev\jna\jna\4.5.2\jna-4.5.2.jar;C:\Users\praka\.m2\repository\org\brotli\dec\0.1.2\dec-0.1.2.jar;"/>
    <property name="sun.cpu.endian" value="little"/>
    <property name="user.home" value="C:\Users\praka"/>
    <property name="user.language" value="en"/>
    <property name="java.specification.vendor" value="Oracle Corporation"/>
    <property name="java.version.date" value="2021-07-20"/>
    <property name="java.home" value="C:\Program Files\Java\jdk-11.0.12"/>
    <property name="file.separator" value="\"/>
    <property name="basedir" value="C:\Users\praka\IdeaProjects\CucumberAuto\CucumberAuto"/>
    <property name="java.vm.compressedOopsMode" value="32-bit"/>
    <property name="line.separator" value="&#10;"/>
    <property name="java.specification.name" value="Java Platform API Specification"/>
    <property name="java.vm.specification.vendor" value="Oracle Corporation"/>
    <property name="java.awt.graphicsenv" value="sun.awt.Win32GraphicsEnvironment"/>
    <property name="surefire.real.class.path" value="C:\Users\praka\AppData\Local\Temp\surefire5793801345657536873\surefirebooter7833652486638093545.jar"/>
    <property name="user.script" value=""/>
    <property name="sun.management.compiler" value="HotSpot 64-Bit Tiered Compilers"/>
    <property name="java.runtime.version" value="11.0.12+8-LTS-237"/>
    <property name="user.name" value="praka"/>
    <property name="path.separator" value=";"/>
    <property name="os.version" value="10.0"/>
    <property name="java.runtime.name" value="Java(TM) SE Runtime Environment"/>
    <property name="file.encoding" value="Cp1252"/>
    <property name="java.vm.name" value="Java HotSpot(TM) 64-Bit Server VM"/>
    <property name="java.vendor.version" value="18.9"/>
    <property name="localRepository" value="C:\Users\praka\.m2\repository"/>
    <property name="java.vendor.url.bug" value="https://bugreport.java.com/bugreport/"/>
    <property name="java.io.tmpdir" value="C:\Users\praka\AppData\Local\Temp\"/>
    <property name="java.version" value="11.0.12"/>
    <property name="user.dir" value="C:\Users\praka\IdeaProjects\CucumberAuto\CucumberAuto"/>
    <property name="os.arch" value="amd64"/>
    <property name="java.vm.specification.name" value="Java Virtual Machine Specification"/>
    <property name="java.awt.printerjob" value="sun.awt.windows.WPrinterJob"/>
    <property name="sun.os.patch.level" value=""/>
    <property name="java.library.path" value="C:\Program Files\Java\jdk-11.0.12\bin;C:\WINDOWS\Sun\Java\bin;C:\WINDOWS\system32;C:\WINDOWS;C:\Program Files\Common Files\Oracle\Java\javapath;C:\Program Files (x86)\Common Files\Oracle\Java\javapath;C:\Program Files (x86)\NVIDIA Corporation\PhysX\Common;C:\WINDOWS\system32;C:\WINDOWS;C:\WINDOWS\System32\Wbem;C:\WINDOWS\System32\WindowsPowerShell\v1.0\;C:\WINDOWS\System32\OpenSSH\;C:\Program Files\nodejs\;C:\ProgramData\chocolatey\bin;C:\Program Files\Git\cmd;C:\Program Files (x86)\Touch Portal\plugins\adb\platform-tools;C:\Users\praka\Work\apache-maven-3.8.2-bin\apache-maven-3.8.2\bin\;C:\Program Files\Java\jdk-11.0.12\bin;C:\Users\praka\AppData\Local\Programs\Python\Python37\Scripts\;C:\Users\praka\AppData\Local\Programs\Python\Python37\;C:\Users\praka\AppData\Local\Microsoft\WindowsApps;C:\Users\praka\AppData\Roaming\npm;C:\Users\praka\AppData\Local\Programs\Microsoft VS Code\bin;;C:\Program Files\JetBrains\IntelliJ IDEA Community Edition 2021.2.1\bin;;."/>
    <property name="java.vendor" value="Oracle Corporation"/>
    <property name="java.vm.info" value="mixed mode"/>
    <property name="java.vm.version" value="11.0.12+8-LTS-237"/>
    <property name="sun.io.unicode.encoding" value="UnicodeLittle"/>
    <property name="java.class.version" value="55.0"/>
  </properties>
  <testcase name="&quot;Chrome&quot; browser is opened" classname="twitter default login" time="17.121">
    <system-out><![CDATA[
@mobile
Scenario: twitter default login                              # src/test/java/features/celeb1.feature:7
before mobile
2022-02-05 00:38:50,292 [main                  ] INFO                     io.github.bonigarcia.wdm.WebDriverManager Using chromedriver 98.0.4758.48 (resolved driver for Chrome 98)
2022-02-05 00:38:50,345 [main                  ] INFO                     io.github.bonigarcia.wdm.WebDriverManager Exporting webdriver.chrome.driver as C:\Users\praka\.cache\selenium\chromedriver\win32\98.0.4758.48\chromedriver.exe
]]></system-out>
    <system-err><![CDATA[Feb 05, 2022 12:38:41 AM org.openqa.selenium.remote.DesiredCapabilities chrome
INFO: Using `new ChromeOptions()` is preferred to `DesiredCapabilities.chrome()`
Starting ChromeDriver 98.0.4758.48 (d869ab3eda60629b9fabbd4e30c0f833466c83fd-refs/branch-heads/4758@{#415}) on port 43087
Only local connections are allowed.
Please see https://chromedriver.chromium.org/security-considerations for suggestions on keeping ChromeDriver safe.
ChromeDriver was started successfully.
Feb 05, 2022 12:38:56 AM org.openqa.selenium.remote.ProtocolHandshake createSession
INFO: Detected dialect: W3C
]]></system-err>
  </testcase>
  <testcase name="Celeb twitter page is of &quot;BCCI&quot;" classname="twitter default login" time="721.269">
    <system-out><![CDATA[  Given "Chrome" browser is opened                           # stepDefinitions.stepDefinition.something_browser_is_opened(java.lang.String)
After formatting: 04-02-2022 16:30:29
04-02-2022 16:30:29 date is good
----->https://pbs.twimg.com/media/FKw9Gx0UYAgwLLJ?format=jpg&name=medium
----->https://pbs.twimg.com/media/FKxBKypUUAE7T4q?format=jpg&name=medium
----->https://pbs.twimg.com/media/FKxBMA6UcAQnMg-?format=jpg&name=medium
Coached by the legendary Rahul Dravid & captained 
Dimension x and y :1936 1066
After formatting: 04-02-2022 14:33:40
04-02-2022 14:33:40 date is good
----->https://pbs.twimg.com/media/FKwmUaOacAQ6pyY?format=jpg&name=medium
----->https://pbs.twimg.com/media/FKwmiNZakAAxApz?format=jpg&name=medium
----->https://pbs.twimg.com/media/FKwmi9qacAM8s4B?format=jpg&name=medium
----->https://pbs.twimg.com/media/FKwmpnTakAAIxFF?format=jpg&name=medium
#TeamIndia begin preps in Ahmedabad ahead of the O
Dimension x and y :1936 1066
After formatting: 04-02-2022 11:59:18
04-02-2022 11:59:18 date is good
----->https://pbs.twimg.com/media/FKwB-aWaMAI_9-W?format=jpg&name=medium
----->https://pbs.twimg.com/media/FKwCAe8acAgRwpP?format=jpg&name=large
Captain  scored a ton in the Final as India bagged
Dimension x and y :1936 1066
After formatting: 04-02-2022 09:28:59
04-02-2022 09:28:59 date is good
----->https://pbs.twimg.com/media/FKvc63EVkAEop-o?format=jpg&name=large
----->https://pbs.twimg.com/media/FKvc75dVkAMCWf1?format=jpg&name=large
In 2008, the -led side won India's second #U19CWC 
Dimension x and y :1936 1066
After formatting: 04-02-2022 09:08:15
04-02-2022 09:08:15 date is good
The champion -  - was the Player of the Tournament
Dimension x and y :1936 1066
After formatting: 04-02-2022 06:42:13
04-02-2022 06:42:13 date is good
----->https://pbs.twimg.com/media/FKu2H97agAE4S2G?format=jpg&name=large
----->https://pbs.twimg.com/media/FKu2H94akAEGKgV?format=jpg&name=small
As we get ready for the #U19CWC 2022 Final, let's 
Dimension x and y :1936 1066
]]></system-out>
  </testcase>
  <testcase name="User log in into application using &quot;joe&quot; and &quot;joe123&quot;" classname="twitter default login" time="0.001">
    <system-out><![CDATA[  Given Celeb twitter page is of "BCCI"                      # stepDefinitions.stepDefinition.celeb_twitter_page_is_of_something(java.lang.String)
joe
joe123
]]></system-out>
  </testcase>
  <testcase name="Homepage is populated" classname="twitter default login" time="0">
    <system-out><![CDATA[  When User log in into application using "joe" and "joe123" # stepDefinitions.stepDefinition.user_log_in_into_application_using_something_and_something(java.lang.String,java.lang.String)
]]></system-out>
  </testcase>
  <testcase name="Cards displayed &quot;true&quot;" classname="twitter default login" time="0">
    <system-out><![CDATA[  Then Homepage is populated                                 # stepDefinitions.stepDefinition.homepage_is_populated()
true
]]></system-out>
  </testcase>
  <testcase name="" classname="twitter default login" time="0.002">
    <system-out><![CDATA[  And Cards displayed "true"                                 # stepDefinitions.stepDefinition.cards_displayed_something(java.lang.String)
After mobile
]]></system-out>
  </testcase>
</testsuite>